
/home/runner/work/exp-memory-bounded-a-star-iiith/exp-memory-bounded-a-star-iiith/experiment/simulation/js/data.js
    1:1    warning  'cwidth' is not defined                          no-undef
    1:10   warning  'canv' is not defined                            no-undef
    2:1    warning  'cheight' is not defined                         no-undef
    2:11   warning  'canv' is not defined                            no-undef
    5:5    warning  'heuristics' is assigned a value but never used  no-unused-vars
    7:5    warning  'graphs' is assigned a value but never used      no-unused-vars
    9:9    warning  'cwidth' is not defined                          no-undef
    9:18   warning  'canv' is not defined                            no-undef
   10:9    warning  'cheight' is not defined                         no-undef
   10:19   warning  'canv' is not defined                            no-undef
   15:9    warning  'cities' is not defined                          no-undef
   16:26   warning  'cwidth' is not defined                          no-undef
   16:46   warning  'cheight' is not defined                         no-undef
   17:26   warning  'cwidth' is not defined                          no-undef
   17:46   warning  'cheight' is not defined                         no-undef
   18:26   warning  'cwidth' is not defined                          no-undef
   18:46   warning  'cheight' is not defined                         no-undef
   19:26   warning  'cwidth' is not defined                          no-undef
   19:46   warning  'cheight' is not defined                         no-undef
   20:26   warning  'cwidth' is not defined                          no-undef
   20:45   warning  'cheight' is not defined                         no-undef
   23:9    warning  'citiesGraph' is not defined                     no-undef
   31:29   warning  'cities' is not defined                          no-undef
   32:13   warning  'nodes' is not defined                           no-undef
   32:24   warning  'cities' is not defined                          no-undef
   33:13   warning  'edges' is not defined                           no-undef
   36:18   warning  'i' is already defined                           no-redeclare
   36:29   warning  'citiesGraph' is not defined                     no-undef
   37:13   warning  'edges' is not defined                           no-undef
   37:19   warning  'citiesGraph' is not defined                     no-undef
   37:44   warning  'citiesGraph' is not defined                     no-undef
   37:63   warning  'citiesGraph' is not defined                     no-undef
   38:13   warning  'edges' is not defined                           no-undef
   38:19   warning  'citiesGraph' is not defined                     no-undef
   38:44   warning  'citiesGraph' is not defined                     no-undef
   38:63   warning  'citiesGraph' is not defined                     no-undef
   41:14   warning  'n' is not defined                               no-undef
   41:21   warning  'n' is not defined                               no-undef
   41:25   warning  'nodes' is not defined                           no-undef
   41:39   warning  'n' is not defined                               no-undef
   42:13   warning  'exist' is not defined                           no-undef
   45:9    warning  'n' is not defined                               no-undef
   49:9    warning  'cwidth' is not defined                          no-undef
   49:18   warning  'canv' is not defined                            no-undef
   50:9    warning  'cheight' is not defined                         no-undef
   50:19   warning  'canv' is not defined                            no-undef
   51:9    warning  'cities' is not defined                          no-undef
   52:24   warning  'cwidth' is not defined                          no-undef
   52:41   warning  'cheight' is not defined                         no-undef
   55:9    warning  'citiesGraph' is not defined                     no-undef
   59:29   warning  'cities' is not defined                          no-undef
   60:13   warning  'nodes' is not defined                           no-undef
   60:24   warning  'cities' is not defined                          no-undef
   61:13   warning  'edges' is not defined                           no-undef
   64:18   warning  'i' is already defined                           no-redeclare
   64:29   warning  'citiesGraph' is not defined                     no-undef
   65:13   warning  'edges' is not defined                           no-undef
   65:19   warning  'citiesGraph' is not defined                     no-undef
   65:44   warning  'citiesGraph' is not defined                     no-undef
   65:63   warning  'citiesGraph' is not defined                     no-undef
   66:13   warning  'edges' is not defined                           no-undef
   66:19   warning  'citiesGraph' is not defined                     no-undef
   66:44   warning  'citiesGraph' is not defined                     no-undef
   66:63   warning  'citiesGraph' is not defined                     no-undef
   68:13   warning  'd' is not defined                               no-undef
   68:17   warning  'dist' is not defined                            no-undef
   68:22   warning  'nodes' is not defined                           no-undef
   68:28   warning  'citiesGraph' is not defined                     no-undef
   68:51   warning  'nodes' is not defined                           no-undef
   68:57   warning  'citiesGraph' is not defined                     no-undef
   68:80   warning  'nodes' is not defined                           no-undef
   68:86   warning  'citiesGraph' is not defined                     no-undef
   68:109  warning  'nodes' is not defined                           no-undef
   68:115  warning  'citiesGraph' is not defined                     no-undef
   69:13   warning  'd' is not defined                               no-undef
   69:27   warning  'd' is not defined                               no-undef
   70:43   warning  'citiesGraph' is not defined                     no-undef
   70:68   warning  'citiesGraph' is not defined                     no-undef
   70:93   warning  'd' is not defined                               no-undef
   73:14   warning  'n' is not defined                               no-undef
   73:21   warning  'n' is not defined                               no-undef
   73:25   warning  'nodes' is not defined                           no-undef
   73:39   warning  'n' is not defined                               no-undef
   74:13   warning  'exist' is not defined                           no-undef
   77:9    warning  'n' is not defined                               no-undef
   81:9    warning  'cities' is not defined                          no-undef
   82:24   warning  'cwidth' is not defined                          no-undef
   82:42   warning  'cheight' is not defined                         no-undef
   83:24   warning  'cwidth' is not defined                          no-undef
   83:41   warning  'cheight' is not defined                         no-undef
   84:24   warning  'cwidth' is not defined                          no-undef
   84:42   warning  'cheight' is not defined                         no-undef
   85:24   warning  'cwidth' is not defined                          no-undef
   85:42   warning  'cheight' is not defined                         no-undef
   86:24   warning  'cwidth' is not defined                          no-undef
   86:42   warning  'cheight' is not defined                         no-undef
   87:24   warning  'cwidth' is not defined                          no-undef
   87:42   warning  'cheight' is not defined                         no-undef
   88:24   warning  'cwidth' is not defined                          no-undef
   88:42   warning  'cheight' is not defined                         no-undef
   91:9    warning  'citiesGraph' is not defined                     no-undef
  105:29   warning  'cities' is not defined                          no-undef
  106:13   warning  'nodes' is not defined                           no-undef
  106:24   warning  'cities' is not defined                          no-undef
  107:13   warning  'edges' is not defined                           no-undef
  110:18   warning  'i' is already defined                           no-redeclare
  110:29   warning  'citiesGraph' is not defined                     no-undef
  111:13   warning  'edges' is not defined                           no-undef
  111:19   warning  'citiesGraph' is not defined                     no-undef
  111:44   warning  'citiesGraph' is not defined                     no-undef
  111:63   warning  'citiesGraph' is not defined                     no-undef
  112:13   warning  'edges' is not defined                           no-undef
  112:19   warning  'citiesGraph' is not defined                     no-undef
  112:44   warning  'citiesGraph' is not defined                     no-undef
  112:63   warning  'citiesGraph' is not defined                     no-undef
  115:14   warning  'n' is not defined                               no-undef
  115:21   warning  'n' is not defined                               no-undef
  115:25   warning  'nodes' is not defined                           no-undef
  115:39   warning  'n' is not defined                               no-undef
  116:13   warning  'exist' is not defined                           no-undef
  119:9    warning  'n' is not defined                               no-undef

/home/runner/work/exp-memory-bounded-a-star-iiith/exp-memory-bounded-a-star-iiith/experiment/simulation/js/delta_refresh.js
   4:6    warning  'canv' is not defined                 no-undef
   4:20   warning  'canv' is not defined                 no-undef
   4:40   warning  'canv' is not defined                 no-undef
   4:55   warning  'canv' is not defined                 no-undef
   5:3    warning  'canv' is not defined                 no-undef
   5:16   warning  'canv' is not defined                 no-undef
   6:3    warning  'canv' is not defined                 no-undef
   6:17   warning  'canv' is not defined                 no-undef
   7:3    warning  'preset' is not defined               no-undef
  13:5    warning  'drawField' is not defined            no-undef
  15:15   warning  'exist' is not defined                no-undef
  18:112  warning  'exist' is not defined                no-undef
  25:15   warning  'exist' is not defined                no-undef
  28:112  warning  'exist' is not defined                no-undef
  52:66   warning  'visit' is not defined                no-undef
  54:9    warning  'visited' is not defined              no-undef
  55:19   warning  'visited' is not defined              no-undef
  55:27   warning  'visited' is not defined              no-undef
  59:13   warning  'visiting_string' is already defined  no-redeclare
  68:57   warning  'visit' is not defined                no-undef
  68:71   warning  'visit' is not defined                no-undef
  69:23   warning  'path' is not defined                 no-undef
  70:55   warning  'path' is not defined                 no-undef
  78:13   warning  'started' is not defined              no-undef
  79:13   warning  'nuxtdis' is not defined              no-undef
  83:17   warning  'refreshIntervalId' is not defined    no-undef
  83:49   warning  'UCS' is not defined                  no-undef
  83:63   warning  'input' is not defined                no-undef
  88:16   warning  'refreshIntervalId' is not defined    no-undef
  89:23   warning  'refreshIntervalId' is not defined    no-undef
  90:9    warning  'nuxtdis' is not defined              no-undef
  96:9    warning  'isQuestion' is not defined           no-undef

/home/runner/work/exp-memory-bounded-a-star-iiith/exp-memory-bounded-a-star-iiith/experiment/simulation/js/graph.js
    7:11  warning  'canvas' is not defined                                 no-undef
    8:7   warning  'input' is assigned a value but never used              no-unused-vars
   12:5   warning  'type' is assigned a value but never used               no-unused-vars
   19:5   warning  'path_edges' is assigned a value but never used         no-unused-vars
   20:5   warning  'parent' is assigned a value but never used             no-unused-vars
   21:5   warning  'costSoFar' is assigned a value but never used          no-unused-vars
   24:5   warning  'level' is assigned a value but never used              no-unused-vars
   25:5   warning  'frontier_elements' is assigned a value but never used  no-unused-vars
   26:5   warning  'fScore' is assigned a value but never used             no-unused-vars
   27:5   warning  'gScore' is assigned a value but never used             no-unused-vars
   33:5   warning  'visited_edge' is assigned a value but never used       no-unused-vars
   35:5   warning  'isWeigted' is assigned a value but never used          no-unused-vars
   36:5   warning  'edgeAdded' is assigned a value but never used          no-unused-vars
   39:5   warning  'SN' is assigned a value but never used                 no-unused-vars
   51:9   warning  'heuristics' is not defined                             no-undef
   56:5   warning  'heuristics' is not defined                             no-undef
   71:9   warning  'heuristics' is not defined                             no-undef
   72:9   warning  'renderHeuristics' is not defined                       no-undef
   80:13  warning  'lower_bound_cost' is not defined                       no-undef
   80:41  warning  'heuristics' is not defined                             no-undef
   80:60  warning  'heuristics' is not defined                             no-undef
   81:52  warning  'lower_bound_cost' is not defined                       no-undef
  123:9   warning  'y' is not defined                                      no-undef
  124:9   warning  'v' is not defined                                      no-undef
  124:21  warning  'y' is not defined                                      no-undef
  125:9   warning  'v' is not defined                                      no-undef
  127:24  warning  'y' is not defined                                      no-undef
  134:7   warning  'v' is not defined                                      no-undef
  139:20  warning  'v' is not defined                                      no-undef
  141:62  warning  '_' is defined but never used                           no-unused-vars
  141:83  warning  'v' is not defined                                      no-undef
  150:57  warning  'v' is not defined                                      no-undef
  151:39  warning  'v' is not defined                                      no-undef
  152:27  warning  'v' is not defined                                      no-undef
  154:27  warning  Empty block statement                                   no-empty
  163:63  warning  '_' is defined but never used                           no-unused-vars
  163:84  warning  'v' is not defined                                      no-undef
  164:23  warning  'v' is not defined                                      no-undef
  164:34  warning  'v' is not defined                                      no-undef
  164:57  warning  '_' is defined but never used                           no-unused-vars
  170:5   warning  'renderHeuristics' is not defined                       no-undef
  182:18  warning  'e' is defined but never used                           no-unused-vars
  231:5   warning  'started' is not defined                                no-undef
  232:5   warning  'curr' is not defined                                   no-undef
  233:5   warning  'e' is not defined                                      no-undef
  234:5   warning  'ep' is not defined                                     no-undef
  235:5   warning  'visit' is not defined                                  no-undef
  236:5   warning  'weight' is not defined                                 no-undef
  243:5   warning  'started' is not defined                                no-undef
  244:5   warning  'isQuestion' is not defined                             no-undef
  245:5   warning  'isObservation' is not defined                          no-undef
  246:5   warning  'EndVect' is not defined                                no-undef
  247:5   warning  'noEdges' is not defined                                no-undef
  248:5   warning  'oneshotAuto' is not defined                            no-undef
  249:9   warning  'refreshIntervalId' is not defined                      no-undef
  249:50  warning  'refreshIntervalId' is not defined                      no-undef
  250:5   warning  'refreshIntervalId' is not defined                      no-undef
  255:9   warning  'NoQuestion' is not defined                             no-undef
  290:7   warning  'px' is already defined                                 no-redeclare
  291:7   warning  'py' is already defined                                 no-redeclare
  320:10  warning  'drawField' is defined but never used                   no-unused-vars
  350:14  warning  'i' is already defined                                  no-redeclare
  359:22  warning  'k' is already defined                                  no-redeclare
  359:33  warning  'visit' is not defined                                  no-undef
  361:21  warning  'visit' is not defined                                  no-undef
  373:22  warning  'curr' is not defined                                   no-undef
  373:77  warning  'curr' is not defined                                   no-undef
  383:22  warning  'k' is already defined                                  no-redeclare
  384:45  warning  'curr' is not defined                                   no-undef
  391:22  warning  'curr' is not defined                                   no-undef
  425:9   warning  'used' is not defined                                   no-undef
  427:9   warning  'used' is not defined                                   no-undef
  430:5   warning  'used' is not defined                                   no-undef
  437:30  warning  'used' is not defined                                   no-undef
  438:17  warning  'used' is not defined                                   no-undef
  460:10  warning  'force' is defined but never used                       no-unused-vars
  472:14  warning  'i' is already defined                                  no-redeclare
  474:22  warning  'j' is already defined                                  no-redeclare
  488:14  warning  'i' is already defined                                  no-redeclare
  496:14  warning  'i' is already defined                                  no-redeclare

/home/runner/work/exp-memory-bounded-a-star-iiith/exp-memory-bounded-a-star-iiith/experiment/simulation/js/main.js
    4:5   warning  'nuxtdis' is assigned a value but never used        no-unused-vars
    7:5   warning  'isObservation' is assigned a value but never used  no-unused-vars
    9:17  warning  'PriorityQueue' is not defined                      no-undef
   10:5   warning  'explored' is assigned a value but never used       no-unused-vars
   12:5   warning  'SN' is assigned a value but never used             no-unused-vars
   22:36  warning  'edges' is not defined                              no-undef
   46:5   warning  'path_data' is not defined                          no-undef
   47:5   warning  'path' is not defined                               no-undef
   47:12  warning  'path_data' is not defined                          no-undef
   48:5   warning  'path_edges' is not defined                         no-undef
   48:18  warning  'path_data' is not defined                          no-undef
   54:9   warning  'NoQuestion' is not defined                         no-undef
   55:9   warning  'addEventListeners' is not defined                  no-undef
   61:10  warning  'setHeuristics' is defined but never used           no-unused-vars
   62:10  warning  'n' is not defined                                  no-undef
   62:17  warning  'n' is not defined                                  no-undef
   62:21  warning  'nodes' is not defined                              no-undef
   62:35  warning  'n' is not defined                                  no-undef
   63:45  warning  'nodes' is not defined                              no-undef
   63:59  warning  'nodes' is not defined                              no-undef
   64:12  warning  'n' is not defined                                  no-undef
   64:23  warning  'exist' is not defined                              no-undef
   64:29  warning  'n' is not defined                                  no-undef
   66:33  warning  'n' is not defined                                  no-undef
   66:50  warning  'nodes' is not defined                              no-undef
   66:56  warning  'n' is not defined                                  no-undef
   66:63  warning  'nodes' is not defined                              no-undef
   66:69  warning  'n' is not defined                                  no-undef
   67:13  warning  'd' is not defined                                  no-undef
   67:17  warning  'dist' is not defined                               no-undef
   67:22  warning  'nodes' is not defined                              no-undef
   67:28  warning  'n' is not defined                                  no-undef
   67:35  warning  'nodes' is not defined                              no-undef
   67:41  warning  'n' is not defined                                  no-undef
   67:48  warning  'nodes' is not defined                              no-undef
   67:62  warning  'nodes' is not defined                              no-undef
   68:13  warning  'd' is not defined                                  no-undef
   68:27  warning  'd' is not defined                                  no-undef
   69:43  warning  'n' is not defined                                  no-undef
   69:62  warning  'd' is not defined                                  no-undef
   70:13  warning  'heuristics' is not defined                         no-undef
   70:24  warning  'n' is not defined                                  no-undef
   70:29  warning  'd' is not defined                                  no-undef
   73:5   warning  'heuristics' is not defined                         no-undef
   82:10  warning  'n' is not defined                                  no-undef
   82:17  warning  'n' is not defined                                  no-undef
   82:21  warning  'nodes' is not defined                              no-undef
   82:35  warning  'n' is not defined                                  no-undef
   83:13  warning  'heuristics' is not defined                         no-undef
   83:24  warning  'n' is not defined                                  no-undef
   85:40  warning  'n' is not defined                                  no-undef
   85:51  warning  'heuristics' is not defined                         no-undef
   85:62  warning  'n' is not defined                                  no-undef
   93:10  warning  'UCS' is defined but never used                     no-unused-vars
   95:9   warning  'edgeAdded' is not defined                          no-undef
   96:8   warning  'isQuestion' is not defined                         no-undef
   99:9   warning  'i' is assigned a value but never used              no-unused-vars
  102:14  warning  'exist' is not defined                              no-undef
  102:25  warning  'visited' is not defined                            no-undef
  110:9   warning  'trav_circle' is not defined                        no-undef
  111:9   warning  'visited' is not defined                            no-undef
  118:14  warning  'NoQuestion' is not defined                         no-undef
  121:24  warning  'chance' is not defined                             no-undef
  122:17  warning  'isQuestion' is not defined                         no-undef
  123:17  warning  'question' is not defined                           no-undef
  127:13  warning  'edges' is not defined                              no-undef
  132:33  warning  'edges' is not defined                              no-undef
  138:17  warning  'frontier_elements' is not defined                  no-undef
  141:37  warning  'gScore' is not defined                             no-undef
  142:13  warning  'level' is not defined                              no-undef
  142:28  warning  'level' is not defined                              no-undef
  144:34  warning  'level' is not defined                              no-undef
  144:51  warning  'ML' is not defined                                 no-undef
  147:17  warning  'fScore' is not defined                             no-undef
  148:17  warning  'gScore' is not defined                             no-undef
  150:17  warning  'fScore' is not defined                             no-undef
  150:42  warning  'fScore' is not defined                             no-undef
  150:74  warning  'heuristics' is not defined                         no-undef
  151:17  warning  'gScore' is not defined                             no-undef
  152:64  warning  'fScore' is not defined                             no-undef
  162:54  warning  'edges' is not defined                              no-undef
  163:53  warning  'edges' is not defined                              no-undef
  166:17  warning  'fScore' is not defined                             no-undef
  166:44  warning  'edges' is not defined                              no-undef
  166:69  warning  '_' is defined but never used                       no-unused-vars
  166:76  warning  'fScore' is not defined                             no-undef
  169:21  warning  'fScore' is not defined                             no-undef
  169:45  warning  'edges' is not defined                              no-undef
  169:67  warning  '_' is defined but never used                       no-unused-vars
  169:74  warning  'fScore' is not defined                             no-undef
  172:30  warning  'fScore' is not defined                             no-undef
  173:27  warning  'fScore' is not defined                             no-undef
  178:32  warning  '_' is assigned a value but never used              no-unused-vars
  178:38  warning  'edges' is not defined                              no-undef
  179:40  warning  'frontier_elements' is not defined                  no-undef
  180:39  warning  'frontier_elements' is not defined                  no-undef
  191:17  warning  'frontier_elements' is not defined                  no-undef
  195:17  warning  'ML' is not defined                                 no-undef
  198:51  warning  'level' is not defined                              no-undef
  198:67  warning  'level' is not defined                              no-undef
  199:54  warning  'isLeaf' is not defined                             no-undef
  205:27  warning  'fScore' is not defined                             no-undef
  207:48  warning  'fScore' is not defined                             no-undef
  208:25  warning  'fScore' is not defined                             no-undef
  208:42  warning  'fScore' is not defined                             no-undef
  209:35  warning  'fScore' is not defined                             no-undef
  212:25  warning  'frontier_elements' is not defined                  no-undef
  215:25  warning  'fScore' is not defined                             no-undef
  215:42  warning  'fScore' is not defined                             no-undef
  217:48  warning  'fScore' is not defined                             no-undef
  218:35  warning  'fScore' is not defined                             no-undef
  222:17  warning  'frontier_elements' is not defined                  no-undef
  227:23  warning  'fScore' is not defined                             no-undef
  229:66  warning  'fScore' is not defined                             no-undef
  230:13  warning  'frontier_elements' is not defined                  no-undef

/home/runner/work/exp-memory-bounded-a-star-iiith/exp-memory-bounded-a-star-iiith/experiment/simulation/js/mvcircle.js
  25:7    warning  'ctx' is not defined                     no-undef
  25:23   warning  'edgeD' is not defined                   no-undef
  26:7    warning  'ctx' is not defined                     no-undef
  27:7    warning  'ctx' is not defined                     no-undef
  28:7    warning  'ctx' is not defined                     no-undef
  28:137  warning  'nodeR' is not defined                   no-undef
  29:7    warning  'ctx' is not defined                     no-undef
  35:16   warning  'nuxtdis' is not defined                 no-undef
  39:12   warning  'trav_circle' is defined but never used  no-unused-vars
  45:14   warning  'nodes' is not defined                   no-undef
  46:12   warning  'nodes' is not defined                   no-undef
  47:14   warning  'nodes' is not defined                   no-undef
  48:12   warning  'nodes' is not defined                   no-undef

/home/runner/work/exp-memory-bounded-a-star-iiith/exp-memory-bounded-a-star-iiith/experiment/simulation/js/preset.js
   5:8   warning  'NoQuestion' is not defined  no-undef
   8:29  warning  'graphs' is not defined      no-undef
  15:5   warning  'cclear' is not defined      no-undef
  16:5   warning  'graphs' is not defined      no-undef

/home/runner/work/exp-memory-bounded-a-star-iiith/exp-memory-bounded-a-star-iiith/experiment/simulation/js/priority_queue.js
  1:7  warning  'PriorityQueue' is defined but never used  no-unused-vars

/home/runner/work/exp-memory-bounded-a-star-iiith/exp-memory-bounded-a-star-iiith/experiment/simulation/js/question.js
   2:5   warning  'isQuestion' is assigned a value but never used  no-unused-vars
   4:5   warning  'NoQuestion' is assigned a value but never used  no-unused-vars
   5:5   warning  'chance' is assigned a value but never used      no-unused-vars
  22:10  warning  'question' is defined but never used             no-unused-vars
  27:10  warning  'submit' is defined but never used               no-unused-vars

✖ 371 problems (0 errors, 371 warnings)

